<?xml version="1.0" encoding="UTF-8"?>
<coverage generated="1523028848302" clover="3.2.0">
  <project timestamp="1523028848302" name="All files">
    <metrics statements="9" coveredstatements="9" conditionals="0" coveredconditionals="0" methods="4" coveredmethods="4" elements="13" coveredelements="13" complexity="0" loc="9" ncloc="9" packages="2" files="3" classes="3">
      <package name="jest">
        <metrics statements="1" coveredstatements="1" conditionals="0" coveredconditionals="0" methods="0" coveredmethods="0"/>
        <file name="setupTests.js" path="R:\react project\test\jest\setupTests.js">
          <metrics statements="1" coveredstatements="1" conditionals="0" coveredconditionals="0" methods="0" coveredmethods="0"/>
          <line num="3" count="2" type="stmt"/>
        </file>
      </package>
      <package name="jest.src">
        <metrics statements="8" coveredstatements="8" conditionals="0" coveredconditionals="0" methods="4" coveredmethods="4"/>
        <file name="App.js" path="R:\react project\test\jest\src\App.js">
          <metrics statements="1" coveredstatements="1" conditionals="0" coveredconditionals="0" methods="1" coveredmethods="1"/>
          <line num="6" count="1" type="stmt"/>
        </file>
        <file name="LikeCounter.js" path="R:\react project\test\jest\src\LikeCounter.js">
          <metrics statements="7" coveredstatements="7" conditionals="0" coveredconditionals="0" methods="3" coveredmethods="3"/>
          <line num="5" count="3" type="stmt"/>
          <line num="6" count="3" type="stmt"/>
          <line num="7" count="3" type="stmt"/>
          <line num="12" count="2" type="stmt"/>
          <line num="13" count="2" type="stmt"/>
          <line num="14" count="2" type="stmt"/>
          <line num="19" count="5" type="stmt"/>
        </file>
      </package>
    </metrics>
  </project>
</coverage>
