TN:
SF:R:\react project\test\jest\setupTests.js
FNF:0
FNH:0
DA:3,2
LF:1
LH:1
BRF:0
BRH:0
end_of_record
TN:
SF:R:\react project\test\jest\src\App.js
FN:5,(anonymous_0)
FNF:1
FNH:1
FNDA:1,(anonymous_0)
DA:6,1
LF:1
LH:1
BRF:0
BRH:0
end_of_record
TN:
SF:R:\react project\test\jest\src\LikeCounter.js
FN:4,(anonymous_0)
FN:11,(anonymous_1)
FN:18,(anonymous_2)
FNF:3
FNH:3
FNDA:3,(anonymous_0)
FNDA:2,(anonymous_1)
FNDA:5,(anonymous_2)
DA:5,3
DA:6,3
DA:7,3
DA:12,2
DA:13,2
DA:14,2
DA:19,5
LF:7
LH:7
BRF:0
BRH:0
end_of_record
